<?xml version="1.0" encoding="utf-8"?>
<test-run id="2" name="Incapsulation.Failures.exe" fullname="D:/Lessons/C#/1.1 Сбои/bin/Debug/Incapsulation.Failures.exe" testcasecount="3" result="Passed" start-time="2023-12-01 19:22:05Z" end-time="2023-12-01 19:22:05Z" duration="0.234805" total="3" passed="3" failed="0" inconclusive="0" skipped="0" asserts="3" random-seed="1169205718">
  <command-line><![CDATA["D:\Lessons\C#\1.1 Сбои\bin\Debug\Incapsulation.Failures.exe"   ]]></command-line>
  <filter />
  <test-suite type="Assembly" id="1004" name="Incapsulation.Failures.exe" fullname="D:/Lessons/C#/1.1 Сбои/bin/Debug/Incapsulation.Failures.exe" runstate="Runnable" testcasecount="3" result="Passed" start-time="2023-12-01 19:22:05Z" end-time="2023-12-01 19:22:05Z" duration="0.234805" total="3" passed="3" failed="0" warnings="0" inconclusive="0" skipped="0" asserts="3">
    <environment framework-version="3.6.0.0" clr-version="4.0.30319.42000" os-version="Microsoft Windows NT 6.2.9200.0" platform="Win32NT" cwd="D:\Lessons\C#\1.1 Сбои\bin\Debug" machine-name="HONOR" user="Босс" user-domain="HONOR" culture="ru-RU" uiculture="ru-RU" os-architecture="x86" />
    <settings>
      <setting name="WorkDirectory" value="D:\Lessons\C#\1.1 Сбои\bin\Debug" />
      <setting name="NumberOfTestWorkers" value="8" />
    </settings>
    <properties>
      <property name="_PID" value="12436" />
      <property name="_APPDOMAIN" value="Incapsulation.Failures.exe" />
    </properties>
    <test-suite type="TestSuite" id="1005" name="Incapsulation" fullname="Incapsulation" runstate="Runnable" testcasecount="3" result="Passed" start-time="2023-12-01 19:22:05Z" end-time="2023-12-01 19:22:05Z" duration="0.204847" total="3" passed="3" failed="0" warnings="0" inconclusive="0" skipped="0" asserts="3">
      <test-suite type="TestSuite" id="1006" name="Failures" fullname="Incapsulation.Failures" runstate="Runnable" testcasecount="3" result="Passed" start-time="2023-12-01 19:22:05Z" end-time="2023-12-01 19:22:05Z" duration="0.174602" total="3" passed="3" failed="0" warnings="0" inconclusive="0" skipped="0" asserts="3">
        <test-suite type="TestFixture" id="1000" name="ReportMaker_Tests" fullname="Incapsulation.Failures.ReportMaker_Tests" classname="Incapsulation.Failures.ReportMaker_Tests" runstate="Runnable" testcasecount="3" result="Passed" start-time="2023-12-01 19:22:05Z" end-time="2023-12-01 19:22:05Z" duration="0.143895" total="3" passed="3" failed="0" warnings="0" inconclusive="0" skipped="0" asserts="3">
          <test-case id="1003" name="FilterManyDevices" fullname="Incapsulation.Failures.ReportMaker_Tests.FilterManyDevices" methodname="FilterManyDevices" classname="Incapsulation.Failures.ReportMaker_Tests" runstate="Runnable" seed="1936636960" result="Passed" start-time="2023-12-01 19:22:05Z" end-time="2023-12-01 19:22:05Z" duration="0.050680" asserts="1" />
          <test-case id="1002" name="FilterSingleDevice" fullname="Incapsulation.Failures.ReportMaker_Tests.FilterSingleDevice" methodname="FilterSingleDevice" classname="Incapsulation.Failures.ReportMaker_Tests" runstate="Runnable" seed="1836646175" result="Passed" start-time="2023-12-01 19:22:05Z" end-time="2023-12-01 19:22:05Z" duration="0.001532" asserts="1" />
          <test-case id="1001" name="NoDevices" fullname="Incapsulation.Failures.ReportMaker_Tests.NoDevices" methodname="NoDevices" classname="Incapsulation.Failures.ReportMaker_Tests" runstate="Runnable" seed="2126549470" result="Passed" start-time="2023-12-01 19:22:05Z" end-time="2023-12-01 19:22:05Z" duration="0.002283" asserts="1" />
        </test-suite>
      </test-suite>
    </test-suite>
  </test-suite>
</test-run>