<?xml version="1.0" encoding="utf-8"?>
<test-run id="2" name="Reflection.Differentiation.exe" fullname="D:/Lessons/C#/5.2 Дифференцирование/bin/Debug/Reflection.Differentiation.exe" testcasecount="13" result="Passed" start-time="2023-12-10 16:50:11Z" end-time="2023-12-10 16:50:11Z" duration="0.553176" total="13" passed="13" failed="0" inconclusive="0" skipped="0" asserts="565" random-seed="1618194327">
  <command-line><![CDATA["D:\Lessons\C#\5.2 Дифференцирование\bin\Debug\Reflection.Differentiation.exe"   ]]></command-line>
  <filter />
  <test-suite type="Assembly" id="1014" name="Reflection.Differentiation.exe" fullname="D:/Lessons/C#/5.2 Дифференцирование/bin/Debug/Reflection.Differentiation.exe" runstate="Runnable" testcasecount="13" result="Passed" start-time="2023-12-10 16:50:11Z" end-time="2023-12-10 16:50:11Z" duration="0.553176" total="13" passed="13" failed="0" warnings="0" inconclusive="0" skipped="0" asserts="565">
    <environment framework-version="3.6.0.0" clr-version="4.0.30319.42000" os-version="Microsoft Windows NT 6.2.9200.0" platform="Win32NT" cwd="D:\Lessons\C#\5.2 Дифференцирование\bin\Debug" machine-name="HONOR" user="Босс" user-domain="HONOR" culture="ru-RU" uiculture="ru-RU" os-architecture="x86" />
    <settings>
      <setting name="WorkDirectory" value="D:\Lessons\C#\5.2 Дифференцирование\bin\Debug" />
      <setting name="NumberOfTestWorkers" value="8" />
    </settings>
    <properties>
      <property name="_PID" value="8724" />
      <property name="_APPDOMAIN" value="Reflection.Differentiation.exe" />
    </properties>
    <test-suite type="TestSuite" id="1015" name="Reflection" fullname="Reflection" runstate="Runnable" testcasecount="13" result="Passed" start-time="2023-12-10 16:50:11Z" end-time="2023-12-10 16:50:11Z" duration="0.521270" total="13" passed="13" failed="0" warnings="0" inconclusive="0" skipped="0" asserts="565">
      <test-suite type="TestSuite" id="1016" name="Differentiation" fullname="Reflection.Differentiation" runstate="Runnable" testcasecount="13" result="Passed" start-time="2023-12-10 16:50:11Z" end-time="2023-12-10 16:50:11Z" duration="0.491575" total="13" passed="13" failed="0" warnings="0" inconclusive="0" skipped="0" asserts="565">
        <test-suite type="TestFixture" id="1000" name="Algebra_should" fullname="Reflection.Differentiation.Algebra_should" classname="Reflection.Differentiation.Algebra_should" runstate="Runnable" testcasecount="13" result="Passed" start-time="2023-12-10 16:50:11Z" end-time="2023-12-10 16:50:11Z" duration="0.459485" total="13" passed="13" failed="0" warnings="0" inconclusive="0" skipped="0" asserts="565">
          <test-case id="1011" name="DifferentiateComplexExpression" fullname="Reflection.Differentiation.Algebra_should.DifferentiateComplexExpression" methodname="DifferentiateComplexExpression" classname="Reflection.Differentiation.Algebra_should" runstate="Runnable" seed="872646383" result="Passed" start-time="2023-12-10 16:50:11Z" end-time="2023-12-10 16:50:11Z" duration="0.044990" asserts="51" />
          <test-case id="1001" name="DifferentiateConstant" fullname="Reflection.Differentiation.Algebra_should.DifferentiateConstant" methodname="DifferentiateConstant" classname="Reflection.Differentiation.Algebra_should" runstate="Runnable" seed="1602821322" result="Passed" start-time="2023-12-10 16:50:11Z" end-time="2023-12-10 16:50:11Z" duration="0.001567" asserts="51" />
          <test-case id="1009" name="DifferentiateCos1" fullname="Reflection.Differentiation.Algebra_should.DifferentiateCos1" methodname="DifferentiateCos1" classname="Reflection.Differentiation.Algebra_should" runstate="Runnable" seed="1378374829" result="Passed" start-time="2023-12-10 16:50:11Z" end-time="2023-12-10 16:50:11Z" duration="0.002027" asserts="51" />
          <test-case id="1010" name="DifferentiateCos2" fullname="Reflection.Differentiation.Algebra_should.DifferentiateCos2" methodname="DifferentiateCos2" classname="Reflection.Differentiation.Algebra_should" runstate="Runnable" seed="183745423" result="Passed" start-time="2023-12-10 16:50:11Z" end-time="2023-12-10 16:50:11Z" duration="0.002130" asserts="51" />
          <test-case id="1003" name="DifferentiateLinearFunction" fullname="Reflection.Differentiation.Algebra_should.DifferentiateLinearFunction" methodname="DifferentiateLinearFunction" classname="Reflection.Differentiation.Algebra_should" runstate="Runnable" seed="812492132" result="Passed" start-time="2023-12-10 16:50:11Z" end-time="2023-12-10 16:50:11Z" duration="0.001271" asserts="51" />
          <test-case id="1002" name="DifferentiateParameter" fullname="Reflection.Differentiation.Algebra_should.DifferentiateParameter" methodname="DifferentiateParameter" classname="Reflection.Differentiation.Algebra_should" runstate="Runnable" seed="514134610" result="Passed" start-time="2023-12-10 16:50:11Z" end-time="2023-12-10 16:50:11Z" duration="0.002564" asserts="51" />
          <test-case id="1004" name="DifferentiateQuadraticFunction" fullname="Reflection.Differentiation.Algebra_should.DifferentiateQuadraticFunction" methodname="DifferentiateQuadraticFunction" classname="Reflection.Differentiation.Algebra_should" runstate="Runnable" seed="1874722085" result="Passed" start-time="2023-12-10 16:50:11Z" end-time="2023-12-10 16:50:11Z" duration="0.001509" asserts="51" />
          <test-case id="1007" name="DifferentiateSin1" fullname="Reflection.Differentiation.Algebra_should.DifferentiateSin1" methodname="DifferentiateSin1" classname="Reflection.Differentiation.Algebra_should" runstate="Runnable" seed="682455105" result="Passed" start-time="2023-12-10 16:50:11Z" end-time="2023-12-10 16:50:11Z" duration="0.001938" asserts="51" />
          <test-case id="1008" name="DifferentiateSin2" fullname="Reflection.Differentiation.Algebra_should.DifferentiateSin2" methodname="DifferentiateSin2" classname="Reflection.Differentiation.Algebra_should" runstate="Runnable" seed="1577762808" result="Passed" start-time="2023-12-10 16:50:11Z" end-time="2023-12-10 16:50:11Z" duration="0.001965" asserts="51" />
          <test-case id="1005" name="DifferentiateSum" fullname="Reflection.Differentiation.Algebra_should.DifferentiateSum" methodname="DifferentiateSum" classname="Reflection.Differentiation.Algebra_should" runstate="Runnable" seed="1373485386" result="Passed" start-time="2023-12-10 16:50:11Z" end-time="2023-12-10 16:50:11Z" duration="0.001723" asserts="51" />
          <test-case id="1006" name="DifferentiateSumAndProduct" fullname="Reflection.Differentiation.Algebra_should.DifferentiateSumAndProduct" methodname="DifferentiateSumAndProduct" classname="Reflection.Differentiation.Algebra_should" runstate="Runnable" seed="428285855" result="Passed" start-time="2023-12-10 16:50:11Z" end-time="2023-12-10 16:50:11Z" duration="0.001791" asserts="51" />
          <test-case id="1012" name="InformativeMessage_OnNotSupportedSyntax" fullname="Reflection.Differentiation.Algebra_should.InformativeMessage_OnNotSupportedSyntax" methodname="InformativeMessage_OnNotSupportedSyntax" classname="Reflection.Differentiation.Algebra_should" runstate="Runnable" seed="966872845" result="Passed" start-time="2023-12-10 16:50:11Z" end-time="2023-12-10 16:50:11Z" duration="0.023643" asserts="2" />
          <test-case id="1013" name="InformativeMessage_OnUnknownFunction" fullname="Reflection.Differentiation.Algebra_should.InformativeMessage_OnUnknownFunction" methodname="InformativeMessage_OnUnknownFunction" classname="Reflection.Differentiation.Algebra_should" runstate="Runnable" seed="1843902650" result="Passed" start-time="2023-12-10 16:50:11Z" end-time="2023-12-10 16:50:11Z" duration="0.001469" asserts="2" />
        </test-suite>
      </test-suite>
    </test-suite>
  </test-suite>
</test-run>