<?xml version="1.0" encoding="utf-8"?>
<test-run id="2" name="Incapsulation.Weights.exe" fullname="D:/Lessons/C#/1.3 Веса/bin/Debug/Incapsulation.Weights.exe" testcasecount="27" result="Passed" start-time="2023-11-21 11:38:27Z" end-time="2023-11-21 11:38:28Z" duration="1.186596" total="27" passed="27" failed="0" inconclusive="0" skipped="0" asserts="18" random-seed="822911958">
  <command-line><![CDATA["D:\Lessons\C#\1.3 Веса\bin\Debug\Incapsulation.Weights.exe"   ]]></command-line>
  <filter />
  <test-suite type="Assembly" id="1034" name="Incapsulation.Weights.exe" fullname="D:/Lessons/C#/1.3 Веса/bin/Debug/Incapsulation.Weights.exe" runstate="Runnable" testcasecount="27" result="Passed" start-time="2023-11-21 11:38:27Z" end-time="2023-11-21 11:38:28Z" duration="1.186596" total="27" passed="27" failed="0" warnings="0" inconclusive="0" skipped="0" asserts="18">
    <environment framework-version="3.6.0.0" clr-version="4.0.30319.42000" os-version="Microsoft Windows NT 6.2.9200.0" platform="Win32NT" cwd="D:\Lessons\C#\1.3 Веса\bin\Debug" machine-name="HONOR" user="Босс" user-domain="HONOR" culture="ru-RU" uiculture="ru-RU" os-architecture="x86" />
    <settings>
      <setting name="WorkDirectory" value="D:\Lessons\C#\1.3 Веса\bin\Debug" />
      <setting name="NumberOfTestWorkers" value="8" />
    </settings>
    <properties>
      <property name="_PID" value="9540" />
      <property name="_APPDOMAIN" value="Incapsulation.Weights.exe" />
    </properties>
    <test-suite type="TestSuite" id="1035" name="Incapsulation" fullname="Incapsulation" runstate="Runnable" testcasecount="27" result="Passed" start-time="2023-11-21 11:38:27Z" end-time="2023-11-21 11:38:28Z" duration="1.138778" total="27" passed="27" failed="0" warnings="0" inconclusive="0" skipped="0" asserts="18">
      <test-suite type="TestSuite" id="1036" name="Weights" fullname="Incapsulation.Weights" runstate="Runnable" testcasecount="27" result="Passed" start-time="2023-11-21 11:38:27Z" end-time="2023-11-21 11:38:28Z" duration="1.106317" total="27" passed="27" failed="0" warnings="0" inconclusive="0" skipped="0" asserts="18">
        <test-suite type="TestFixture" id="1000" name="Indexer_should" fullname="Incapsulation.Weights.Indexer_should" classname="Incapsulation.Weights.Indexer_should" runstate="Runnable" testcasecount="27" result="Passed" start-time="2023-11-21 11:38:27Z" end-time="2023-11-21 11:38:28Z" duration="1.074555" total="27" passed="27" failed="0" warnings="0" inconclusive="0" skipped="0" asserts="18">
          <test-suite type="ParameterizedMethod" id="1017" name="ConstructorFails_WhenRangeIsInvalid" fullname="Incapsulation.Weights.Indexer_should.ConstructorFails_WhenRangeIsInvalid" classname="Incapsulation.Weights.Indexer_should" runstate="Runnable" testcasecount="8" result="Passed" start-time="2023-11-21 11:38:27Z" end-time="2023-11-21 11:38:27Z" duration="0.270620" total="8" passed="8" failed="0" warnings="0" inconclusive="0" skipped="0" asserts="8">
            <test-case id="1009" name="ConstructorFails_WhenRangeIsInvalid(-1,3)" fullname="Incapsulation.Weights.Indexer_should.ConstructorFails_WhenRangeIsInvalid(-1,3)" methodname="ConstructorFails_WhenRangeIsInvalid" classname="Incapsulation.Weights.Indexer_should" runstate="Runnable" seed="228396302" result="Passed" start-time="2023-11-21 11:38:27Z" end-time="2023-11-21 11:38:27Z" duration="0.026020" asserts="1" />
            <test-case id="1010" name="ConstructorFails_WhenRangeIsInvalid(1,-1)" fullname="Incapsulation.Weights.Indexer_should.ConstructorFails_WhenRangeIsInvalid(1,-1)" methodname="ConstructorFails_WhenRangeIsInvalid" classname="Incapsulation.Weights.Indexer_should" runstate="Runnable" seed="1457096134" result="Passed" start-time="2023-11-21 11:38:27Z" end-time="2023-11-21 11:38:27Z" duration="0.000305" asserts="1" />
            <test-case id="1011" name="ConstructorFails_WhenRangeIsInvalid(1,10)" fullname="Incapsulation.Weights.Indexer_should.ConstructorFails_WhenRangeIsInvalid(1,10)" methodname="ConstructorFails_WhenRangeIsInvalid" classname="Incapsulation.Weights.Indexer_should" runstate="Runnable" seed="741307626" result="Passed" start-time="2023-11-21 11:38:27Z" end-time="2023-11-21 11:38:27Z" duration="0.000354" asserts="1" />
            <test-case id="1012" name="ConstructorFails_WhenRangeIsInvalid(0,5)" fullname="Incapsulation.Weights.Indexer_should.ConstructorFails_WhenRangeIsInvalid(0,5)" methodname="ConstructorFails_WhenRangeIsInvalid" classname="Incapsulation.Weights.Indexer_should" runstate="Runnable" seed="22925672" result="Passed" start-time="2023-11-21 11:38:27Z" end-time="2023-11-21 11:38:27Z" duration="0.000396" asserts="1" />
            <test-case id="1013" name="ConstructorFails_WhenRangeIsInvalid(1,4)" fullname="Incapsulation.Weights.Indexer_should.ConstructorFails_WhenRangeIsInvalid(1,4)" methodname="ConstructorFails_WhenRangeIsInvalid" classname="Incapsulation.Weights.Indexer_should" runstate="Runnable" seed="72666199" result="Passed" start-time="2023-11-21 11:38:27Z" end-time="2023-11-21 11:38:27Z" duration="0.000422" asserts="1" />
            <test-case id="1014" name="ConstructorFails_WhenRangeIsInvalid(2,3)" fullname="Incapsulation.Weights.Indexer_should.ConstructorFails_WhenRangeIsInvalid(2,3)" methodname="ConstructorFails_WhenRangeIsInvalid" classname="Incapsulation.Weights.Indexer_should" runstate="Runnable" seed="2129055949" result="Passed" start-time="2023-11-21 11:38:27Z" end-time="2023-11-21 11:38:27Z" duration="0.000407" asserts="1" />
            <test-case id="1015" name="ConstructorFails_WhenRangeIsInvalid(3,2)" fullname="Incapsulation.Weights.Indexer_should.ConstructorFails_WhenRangeIsInvalid(3,2)" methodname="ConstructorFails_WhenRangeIsInvalid" classname="Incapsulation.Weights.Indexer_should" runstate="Runnable" seed="75017855" result="Passed" start-time="2023-11-21 11:38:27Z" end-time="2023-11-21 11:38:27Z" duration="0.000362" asserts="1" />
            <test-case id="1016" name="ConstructorFails_WhenRangeIsInvalid(4,1)" fullname="Incapsulation.Weights.Indexer_should.ConstructorFails_WhenRangeIsInvalid(4,1)" methodname="ConstructorFails_WhenRangeIsInvalid" classname="Incapsulation.Weights.Indexer_should" runstate="Runnable" seed="103359385" result="Passed" start-time="2023-11-21 11:38:27Z" end-time="2023-11-21 11:38:27Z" duration="0.000381" asserts="1" />
          </test-suite>
          <test-suite type="ParameterizedMethod" id="1027" name="ConstructorNotFail_WhenRangeIsValid" fullname="Incapsulation.Weights.Indexer_should.ConstructorNotFail_WhenRangeIsValid" classname="Incapsulation.Weights.Indexer_should" runstate="Runnable" testcasecount="9" result="Passed" start-time="2023-11-21 11:38:27Z" end-time="2023-11-21 11:38:28Z" duration="0.286326" total="9" passed="9" failed="0" warnings="0" inconclusive="0" skipped="0" asserts="0">
            <test-case id="1018" name="ConstructorNotFail_WhenRangeIsValid(0,0)" fullname="Incapsulation.Weights.Indexer_should.ConstructorNotFail_WhenRangeIsValid(0,0)" methodname="ConstructorNotFail_WhenRangeIsValid" classname="Incapsulation.Weights.Indexer_should" runstate="Runnable" seed="1555218090" result="Passed" start-time="2023-11-21 11:38:27Z" end-time="2023-11-21 11:38:27Z" duration="0.000459" asserts="0" />
            <test-case id="1019" name="ConstructorNotFail_WhenRangeIsValid(0,1)" fullname="Incapsulation.Weights.Indexer_should.ConstructorNotFail_WhenRangeIsValid(0,1)" methodname="ConstructorNotFail_WhenRangeIsValid" classname="Incapsulation.Weights.Indexer_should" runstate="Runnable" seed="410182202" result="Passed" start-time="2023-11-21 11:38:27Z" end-time="2023-11-21 11:38:27Z" duration="0.000194" asserts="0" />
            <test-case id="1020" name="ConstructorNotFail_WhenRangeIsValid(0,4)" fullname="Incapsulation.Weights.Indexer_should.ConstructorNotFail_WhenRangeIsValid(0,4)" methodname="ConstructorNotFail_WhenRangeIsValid" classname="Incapsulation.Weights.Indexer_should" runstate="Runnable" seed="668615355" result="Passed" start-time="2023-11-21 11:38:27Z" end-time="2023-11-21 11:38:27Z" duration="0.000188" asserts="0" />
            <test-case id="1021" name="ConstructorNotFail_WhenRangeIsValid(1,0)" fullname="Incapsulation.Weights.Indexer_should.ConstructorNotFail_WhenRangeIsValid(1,0)" methodname="ConstructorNotFail_WhenRangeIsValid" classname="Incapsulation.Weights.Indexer_should" runstate="Runnable" seed="183915898" result="Passed" start-time="2023-11-21 11:38:28Z" end-time="2023-11-21 11:38:28Z" duration="0.000209" asserts="0" />
            <test-case id="1022" name="ConstructorNotFail_WhenRangeIsValid(1,1)" fullname="Incapsulation.Weights.Indexer_should.ConstructorNotFail_WhenRangeIsValid(1,1)" methodname="ConstructorNotFail_WhenRangeIsValid" classname="Incapsulation.Weights.Indexer_should" runstate="Runnable" seed="1578451950" result="Passed" start-time="2023-11-21 11:38:28Z" end-time="2023-11-21 11:38:28Z" duration="0.000194" asserts="0" />
            <test-case id="1023" name="ConstructorNotFail_WhenRangeIsValid(1,3)" fullname="Incapsulation.Weights.Indexer_should.ConstructorNotFail_WhenRangeIsValid(1,3)" methodname="ConstructorNotFail_WhenRangeIsValid" classname="Incapsulation.Weights.Indexer_should" runstate="Runnable" seed="393568558" result="Passed" start-time="2023-11-21 11:38:28Z" end-time="2023-11-21 11:38:28Z" duration="0.000248" asserts="0" />
            <test-case id="1024" name="ConstructorNotFail_WhenRangeIsValid(3,0)" fullname="Incapsulation.Weights.Indexer_should.ConstructorNotFail_WhenRangeIsValid(3,0)" methodname="ConstructorNotFail_WhenRangeIsValid" classname="Incapsulation.Weights.Indexer_should" runstate="Runnable" seed="1976768798" result="Passed" start-time="2023-11-21 11:38:28Z" end-time="2023-11-21 11:38:28Z" duration="0.000263" asserts="0" />
            <test-case id="1025" name="ConstructorNotFail_WhenRangeIsValid(3,1)" fullname="Incapsulation.Weights.Indexer_should.ConstructorNotFail_WhenRangeIsValid(3,1)" methodname="ConstructorNotFail_WhenRangeIsValid" classname="Incapsulation.Weights.Indexer_should" runstate="Runnable" seed="1681349500" result="Passed" start-time="2023-11-21 11:38:28Z" end-time="2023-11-21 11:38:28Z" duration="0.000194" asserts="0" />
            <test-case id="1026" name="ConstructorNotFail_WhenRangeIsValid(4,0)" fullname="Incapsulation.Weights.Indexer_should.ConstructorNotFail_WhenRangeIsValid(4,0)" methodname="ConstructorNotFail_WhenRangeIsValid" classname="Incapsulation.Weights.Indexer_should" runstate="Runnable" seed="503364007" result="Passed" start-time="2023-11-21 11:38:28Z" end-time="2023-11-21 11:38:28Z" duration="0.000187" asserts="0" />
          </test-suite>
          <test-suite type="ParameterizedMethod" id="1004" name="GetCorrectly" fullname="Incapsulation.Weights.Indexer_should.GetCorrectly" classname="Incapsulation.Weights.Indexer_should" runstate="Runnable" testcasecount="2" result="Passed" start-time="2023-11-21 11:38:28Z" end-time="2023-11-21 11:38:28Z" duration="0.076446" total="2" passed="2" failed="0" warnings="0" inconclusive="0" skipped="0" asserts="2">
            <test-case id="1002" name="GetCorrectly(0,2)" fullname="Incapsulation.Weights.Indexer_should.GetCorrectly(0,2)" methodname="GetCorrectly" classname="Incapsulation.Weights.Indexer_should" runstate="Runnable" seed="2034360820" result="Passed" start-time="2023-11-21 11:38:28Z" end-time="2023-11-21 11:38:28Z" duration="0.019311" asserts="1" />
            <test-case id="1003" name="GetCorrectly(1,3)" fullname="Incapsulation.Weights.Indexer_should.GetCorrectly(1,3)" methodname="GetCorrectly" classname="Incapsulation.Weights.Indexer_should" runstate="Runnable" seed="1259499723" result="Passed" start-time="2023-11-21 11:38:28Z" end-time="2023-11-21 11:38:28Z" duration="0.000184" asserts="1" />
          </test-suite>
          <test-case id="1001" name="HaveCorrectLength" fullname="Incapsulation.Weights.Indexer_should.HaveCorrectLength" methodname="HaveCorrectLength" classname="Incapsulation.Weights.Indexer_should" runstate="Runnable" seed="863310" result="Passed" start-time="2023-11-21 11:38:28Z" end-time="2023-11-21 11:38:28Z" duration="0.001348" asserts="1" />
          <test-case id="1008" name="IndexerDoesNotCopyArray" fullname="Incapsulation.Weights.Indexer_should.IndexerDoesNotCopyArray" methodname="IndexerDoesNotCopyArray" classname="Incapsulation.Weights.Indexer_should" runstate="Runnable" seed="1115322439" result="Passed" start-time="2023-11-21 11:38:28Z" end-time="2023-11-21 11:38:28Z" duration="0.000827" asserts="1" />
          <test-suite type="ParameterizedMethod" id="1030" name="IndexerGetter_Fails_WhenIndexIsWrong" fullname="Incapsulation.Weights.Indexer_should.IndexerGetter_Fails_WhenIndexIsWrong" classname="Incapsulation.Weights.Indexer_should" runstate="Runnable" testcasecount="2" result="Passed" start-time="2023-11-21 11:38:28Z" end-time="2023-11-21 11:38:28Z" duration="0.063212" total="2" passed="2" failed="0" warnings="0" inconclusive="0" skipped="0" asserts="2">
            <test-case id="1028" name="IndexerGetter_Fails_WhenIndexIsWrong(-1)" fullname="Incapsulation.Weights.Indexer_should.IndexerGetter_Fails_WhenIndexIsWrong(-1)" methodname="IndexerGetter_Fails_WhenIndexIsWrong" classname="Incapsulation.Weights.Indexer_should" runstate="Runnable" seed="37640424" result="Passed" start-time="2023-11-21 11:38:28Z" end-time="2023-11-21 11:38:28Z" duration="0.002813" asserts="1" />
            <test-case id="1029" name="IndexerGetter_Fails_WhenIndexIsWrong(2)" fullname="Incapsulation.Weights.Indexer_should.IndexerGetter_Fails_WhenIndexIsWrong(2)" methodname="IndexerGetter_Fails_WhenIndexIsWrong" classname="Incapsulation.Weights.Indexer_should" runstate="Runnable" seed="211563913" result="Passed" start-time="2023-11-21 11:38:28Z" end-time="2023-11-21 11:38:28Z" duration="0.000326" asserts="1" />
          </test-suite>
          <test-suite type="ParameterizedMethod" id="1033" name="IndexerSetter_Fails_WhenIndexIsWrong" fullname="Incapsulation.Weights.Indexer_should.IndexerSetter_Fails_WhenIndexIsWrong" classname="Incapsulation.Weights.Indexer_should" runstate="Runnable" testcasecount="2" result="Passed" start-time="2023-11-21 11:38:28Z" end-time="2023-11-21 11:38:28Z" duration="0.063334" total="2" passed="2" failed="0" warnings="0" inconclusive="0" skipped="0" asserts="2">
            <test-case id="1031" name="IndexerSetter_Fails_WhenIndexIsWrong(-1)" fullname="Incapsulation.Weights.Indexer_should.IndexerSetter_Fails_WhenIndexIsWrong(-1)" methodname="IndexerSetter_Fails_WhenIndexIsWrong" classname="Incapsulation.Weights.Indexer_should" runstate="Runnable" seed="1208514964" result="Passed" start-time="2023-11-21 11:38:28Z" end-time="2023-11-21 11:38:28Z" duration="0.000968" asserts="1" />
            <test-case id="1032" name="IndexerSetter_Fails_WhenIndexIsWrong(2)" fullname="Incapsulation.Weights.Indexer_should.IndexerSetter_Fails_WhenIndexIsWrong(2)" methodname="IndexerSetter_Fails_WhenIndexIsWrong" classname="Incapsulation.Weights.Indexer_should" runstate="Runnable" seed="2127211002" result="Passed" start-time="2023-11-21 11:38:28Z" end-time="2023-11-21 11:38:28Z" duration="0.000342" asserts="1" />
          </test-suite>
          <test-suite type="ParameterizedMethod" id="1007" name="SetCorrectly" fullname="Incapsulation.Weights.Indexer_should.SetCorrectly" classname="Incapsulation.Weights.Indexer_should" runstate="Runnable" testcasecount="2" result="Passed" start-time="2023-11-21 11:38:28Z" end-time="2023-11-21 11:38:28Z" duration="0.063343" total="2" passed="2" failed="0" warnings="0" inconclusive="0" skipped="0" asserts="2">
            <test-case id="1005" name="SetCorrectly(0)" fullname="Incapsulation.Weights.Indexer_should.SetCorrectly(0)" methodname="SetCorrectly" classname="Incapsulation.Weights.Indexer_should" runstate="Runnable" seed="118717526" result="Passed" start-time="2023-11-21 11:38:28Z" end-time="2023-11-21 11:38:28Z" duration="0.000535" asserts="1" />
            <test-case id="1006" name="SetCorrectly(1)" fullname="Incapsulation.Weights.Indexer_should.SetCorrectly(1)" methodname="SetCorrectly" classname="Incapsulation.Weights.Indexer_should" runstate="Runnable" seed="1420855867" result="Passed" start-time="2023-11-21 11:38:28Z" end-time="2023-11-21 11:38:28Z" duration="0.000146" asserts="1" />
          </test-suite>
        </test-suite>
      </test-suite>
    </test-suite>
  </test-suite>
</test-run>