<?xml version="1.0" encoding="utf-8"?>
<test-run id="2" name="Delegates.PairsAnalysis.exe" fullname="D:/Lessons/C#/4.4 Анализ пар/bin/Debug/Delegates.PairsAnalysis.exe" testcasecount="12" result="Passed" start-time="2023-12-06 11:13:41Z" end-time="2023-12-06 11:13:41Z" duration="0.630267" total="12" passed="12" failed="0" inconclusive="0" skipped="0" asserts="12" random-seed="2004550497">
  <command-line><![CDATA["D:\Lessons\C#\4.4 Анализ пар\bin\Debug\Delegates.PairsAnalysis.exe"   ]]></command-line>
  <filter />
  <test-suite type="Assembly" id="1015" name="Delegates.PairsAnalysis.exe" fullname="D:/Lessons/C#/4.4 Анализ пар/bin/Debug/Delegates.PairsAnalysis.exe" runstate="Runnable" testcasecount="12" result="Passed" start-time="2023-12-06 11:13:41Z" end-time="2023-12-06 11:13:41Z" duration="0.630267" total="12" passed="12" failed="0" warnings="0" inconclusive="0" skipped="0" asserts="12">
    <environment framework-version="3.6.0.0" clr-version="4.0.30319.42000" os-version="Microsoft Windows NT 6.2.9200.0" platform="Win32NT" cwd="D:\Lessons\C#\4.4 Анализ пар\bin\Debug" machine-name="HONOR" user="Босс" user-domain="HONOR" culture="ru-RU" uiculture="ru-RU" os-architecture="x86" />
    <settings>
      <setting name="WorkDirectory" value="D:\Lessons\C#\4.4 Анализ пар\bin\Debug" />
      <setting name="NumberOfTestWorkers" value="8" />
    </settings>
    <properties>
      <property name="_PID" value="4272" />
      <property name="_APPDOMAIN" value="Delegates.PairsAnalysis.exe" />
    </properties>
    <test-suite type="TestSuite" id="1016" name="Delegates" fullname="Delegates" runstate="Runnable" testcasecount="12" result="Passed" start-time="2023-12-06 11:13:41Z" end-time="2023-12-06 11:13:41Z" duration="0.598841" total="12" passed="12" failed="0" warnings="0" inconclusive="0" skipped="0" asserts="12">
      <test-suite type="TestSuite" id="1017" name="PairsAnalysis" fullname="Delegates.PairsAnalysis" runstate="Runnable" testcasecount="12" result="Passed" start-time="2023-12-06 11:13:41Z" end-time="2023-12-06 11:13:41Z" duration="0.567778" total="12" passed="12" failed="0" warnings="0" inconclusive="0" skipped="0" asserts="12">
        <test-suite type="TestFixture" id="1000" name="Analysis_should" fullname="Delegates.PairsAnalysis.Analysis_should" classname="Delegates.PairsAnalysis.Analysis_should" runstate="Runnable" testcasecount="12" result="Passed" start-time="2023-12-06 11:13:41Z" end-time="2023-12-06 11:13:41Z" duration="0.535206" total="12" passed="12" failed="0" warnings="0" inconclusive="0" skipped="0" asserts="12">
          <test-suite type="ParameterizedMethod" id="1012" name="FindAverageRelativeDifference_ProcessDoublesCorrectly" fullname="Delegates.PairsAnalysis.Analysis_should.FindAverageRelativeDifference_ProcessDoublesCorrectly" classname="Delegates.PairsAnalysis.Analysis_should" runstate="Runnable" testcasecount="5" result="Passed" start-time="2023-12-06 11:13:41Z" end-time="2023-12-06 11:13:41Z" duration="0.191692" total="5" passed="5" failed="0" warnings="0" inconclusive="0" skipped="0" asserts="5">
            <test-case id="1007" name="FindAverageRelativeDifference_ProcessDoublesCorrectly(0.0d,System.Double[])" fullname="Delegates.PairsAnalysis.Analysis_should.FindAverageRelativeDifference_ProcessDoublesCorrectly(0.0d,System.Double[])" methodname="FindAverageRelativeDifference_ProcessDoublesCorrectly" classname="Delegates.PairsAnalysis.Analysis_should" runstate="Runnable" seed="589009205" result="Passed" start-time="2023-12-06 11:13:41Z" end-time="2023-12-06 11:13:41Z" duration="0.033970" asserts="1" />
            <test-case id="1008" name="FindAverageRelativeDifference_ProcessDoublesCorrectly(1.0d,System.Double[])" fullname="Delegates.PairsAnalysis.Analysis_should.FindAverageRelativeDifference_ProcessDoublesCorrectly(1.0d,System.Double[])" methodname="FindAverageRelativeDifference_ProcessDoublesCorrectly" classname="Delegates.PairsAnalysis.Analysis_should" runstate="Runnable" seed="60639616" result="Passed" start-time="2023-12-06 11:13:41Z" end-time="2023-12-06 11:13:41Z" duration="0.000289" asserts="1" />
            <test-case id="1009" name="FindAverageRelativeDifference_ProcessDoublesCorrectly(-1.0d,System.Double[])" fullname="Delegates.PairsAnalysis.Analysis_should.FindAverageRelativeDifference_ProcessDoublesCorrectly(-1.0d,System.Double[])" methodname="FindAverageRelativeDifference_ProcessDoublesCorrectly" classname="Delegates.PairsAnalysis.Analysis_should" runstate="Runnable" seed="1634299101" result="Passed" start-time="2023-12-06 11:13:41Z" end-time="2023-12-06 11:13:41Z" duration="0.000231" asserts="1" />
            <test-case id="1010" name="FindAverageRelativeDifference_ProcessDoublesCorrectly(0.1d,System.Double[])" fullname="Delegates.PairsAnalysis.Analysis_should.FindAverageRelativeDifference_ProcessDoublesCorrectly(0.1d,System.Double[])" methodname="FindAverageRelativeDifference_ProcessDoublesCorrectly" classname="Delegates.PairsAnalysis.Analysis_should" runstate="Runnable" seed="587581074" result="Passed" start-time="2023-12-06 11:13:41Z" end-time="2023-12-06 11:13:41Z" duration="0.000194" asserts="1" />
            <test-case id="1011" name="FindAverageRelativeDifference_ProcessDoublesCorrectly(1.5d,System.Double[])" fullname="Delegates.PairsAnalysis.Analysis_should.FindAverageRelativeDifference_ProcessDoublesCorrectly(1.5d,System.Double[])" methodname="FindAverageRelativeDifference_ProcessDoublesCorrectly" classname="Delegates.PairsAnalysis.Analysis_should" runstate="Runnable" seed="1186280346" result="Passed" start-time="2023-12-06 11:13:41Z" end-time="2023-12-06 11:13:41Z" duration="0.000244" asserts="1" />
          </test-suite>
          <test-case id="1013" name="FindAverageRelativeDifference_ThrowsAtEmptyCollection" fullname="Delegates.PairsAnalysis.Analysis_should.FindAverageRelativeDifference_ThrowsAtEmptyCollection" methodname="FindAverageRelativeDifference_ThrowsAtEmptyCollection" classname="Delegates.PairsAnalysis.Analysis_should" runstate="Runnable" seed="1255310521" result="Passed" start-time="2023-12-06 11:13:41Z" end-time="2023-12-06 11:13:41Z" duration="0.032268" asserts="1" />
          <test-case id="1014" name="FindAverageRelativeDifference_ThrowsAtOneElementCollection" fullname="Delegates.PairsAnalysis.Analysis_should.FindAverageRelativeDifference_ThrowsAtOneElementCollection" methodname="FindAverageRelativeDifference_ThrowsAtOneElementCollection" classname="Delegates.PairsAnalysis.Analysis_should" runstate="Runnable" seed="776277312" result="Passed" start-time="2023-12-06 11:13:41Z" end-time="2023-12-06 11:13:41Z" duration="0.001070" asserts="1" />
          <test-suite type="ParameterizedMethod" id="1004" name="FindMaxPeriodIndex_ProcessDatesCorrectly" fullname="Delegates.PairsAnalysis.Analysis_should.FindMaxPeriodIndex_ProcessDatesCorrectly" classname="Delegates.PairsAnalysis.Analysis_should" runstate="Runnable" testcasecount="3" result="Passed" start-time="2023-12-06 11:13:41Z" end-time="2023-12-06 11:13:41Z" duration="0.126206" total="3" passed="3" failed="0" warnings="0" inconclusive="0" skipped="0" asserts="3">
            <test-case id="1001" name="FindMaxPeriodIndex_ProcessDatesCorrectly(0,System.String[])" fullname="Delegates.PairsAnalysis.Analysis_should.FindMaxPeriodIndex_ProcessDatesCorrectly(0,System.String[])" methodname="FindMaxPeriodIndex_ProcessDatesCorrectly" classname="Delegates.PairsAnalysis.Analysis_should" runstate="Runnable" seed="386812933" result="Passed" start-time="2023-12-06 11:13:41Z" end-time="2023-12-06 11:13:41Z" duration="0.030449" asserts="1" />
            <test-case id="1002" name="FindMaxPeriodIndex_ProcessDatesCorrectly(2,System.String[])" fullname="Delegates.PairsAnalysis.Analysis_should.FindMaxPeriodIndex_ProcessDatesCorrectly(2,System.String[])" methodname="FindMaxPeriodIndex_ProcessDatesCorrectly" classname="Delegates.PairsAnalysis.Analysis_should" runstate="Runnable" seed="371412616" result="Passed" start-time="2023-12-06 11:13:41Z" end-time="2023-12-06 11:13:41Z" duration="0.000212" asserts="1" />
            <test-case id="1003" name="FindMaxPeriodIndex_ProcessDatesCorrectly(4,System.String[])" fullname="Delegates.PairsAnalysis.Analysis_should.FindMaxPeriodIndex_ProcessDatesCorrectly(4,System.String[])" methodname="FindMaxPeriodIndex_ProcessDatesCorrectly" classname="Delegates.PairsAnalysis.Analysis_should" runstate="Runnable" seed="905752939" result="Passed" start-time="2023-12-06 11:13:41Z" end-time="2023-12-06 11:13:41Z" duration="0.000215" asserts="1" />
          </test-suite>
          <test-case id="1005" name="FindMaxPeriodIndex_ThrowsAtEmptyCollection" fullname="Delegates.PairsAnalysis.Analysis_should.FindMaxPeriodIndex_ThrowsAtEmptyCollection" methodname="FindMaxPeriodIndex_ThrowsAtEmptyCollection" classname="Delegates.PairsAnalysis.Analysis_should" runstate="Runnable" seed="1394320911" result="Passed" start-time="2023-12-06 11:13:41Z" end-time="2023-12-06 11:13:41Z" duration="0.005425" asserts="1" />
          <test-case id="1006" name="FindMaxPeriodIndex_ThrowsAtOneElementCollection" fullname="Delegates.PairsAnalysis.Analysis_should.FindMaxPeriodIndex_ThrowsAtOneElementCollection" methodname="FindMaxPeriodIndex_ThrowsAtOneElementCollection" classname="Delegates.PairsAnalysis.Analysis_should" runstate="Runnable" seed="1897985236" result="Passed" start-time="2023-12-06 11:13:41Z" end-time="2023-12-06 11:13:41Z" duration="0.001083" asserts="1" />
        </test-suite>
      </test-suite>
    </test-suite>
  </test-suite>
</test-run>