<?xml version="1.0" encoding="utf-8"?>
<test-run id="2" name="Generics.Robots.exe" fullname="D:/Lessons/C#/3.3 Роботы/bin/Debug/Generics.Robots.exe" testcasecount="3" result="Passed" start-time="2023-12-04 11:21:00Z" end-time="2023-12-04 11:21:00Z" duration="0.220492" total="3" passed="3" failed="0" inconclusive="0" skipped="0" asserts="3" random-seed="506524798">
  <command-line><![CDATA["D:\Lessons\C#\3.3 Роботы\bin\Debug\Generics.Robots.exe"   ]]></command-line>
  <filter />
  <test-suite type="Assembly" id="1004" name="Generics.Robots.exe" fullname="D:/Lessons/C#/3.3 Роботы/bin/Debug/Generics.Robots.exe" runstate="Runnable" testcasecount="3" result="Passed" start-time="2023-12-04 11:21:00Z" end-time="2023-12-04 11:21:00Z" duration="0.220492" total="3" passed="3" failed="0" warnings="0" inconclusive="0" skipped="0" asserts="3">
    <environment framework-version="3.6.0.0" clr-version="4.0.30319.42000" os-version="Microsoft Windows NT 6.2.9200.0" platform="Win32NT" cwd="D:\Lessons\C#\3.3 Роботы\bin\Debug" machine-name="HONOR" user="Босс" user-domain="HONOR" culture="ru-RU" uiculture="ru-RU" os-architecture="x86" />
    <settings>
      <setting name="WorkDirectory" value="D:\Lessons\C#\3.3 Роботы\bin\Debug" />
      <setting name="NumberOfTestWorkers" value="8" />
    </settings>
    <properties>
      <property name="_PID" value="14260" />
      <property name="_APPDOMAIN" value="Generics.Robots.exe" />
    </properties>
    <test-suite type="TestSuite" id="1005" name="Generics" fullname="Generics" runstate="Runnable" testcasecount="3" result="Passed" start-time="2023-12-04 11:21:00Z" end-time="2023-12-04 11:21:00Z" duration="0.190297" total="3" passed="3" failed="0" warnings="0" inconclusive="0" skipped="0" asserts="3">
      <test-suite type="TestSuite" id="1006" name="Robots" fullname="Generics.Robots" runstate="Runnable" testcasecount="3" result="Passed" start-time="2023-12-04 11:21:00Z" end-time="2023-12-04 11:21:00Z" duration="0.159659" total="3" passed="3" failed="0" warnings="0" inconclusive="0" skipped="0" asserts="3">
        <test-suite type="TestFixture" id="1000" name="Architecture_Should" fullname="Generics.Robots.Architecture_Should" classname="Generics.Robots.Architecture_Should" runstate="Runnable" testcasecount="3" result="Passed" start-time="2023-12-04 11:21:00Z" end-time="2023-12-04 11:21:00Z" duration="0.129374" total="3" passed="3" failed="0" warnings="0" inconclusive="0" skipped="0" asserts="3">
          <test-case id="1003" name="BeCorrectForBuilder" fullname="Generics.Robots.Architecture_Should.BeCorrectForBuilder" methodname="BeCorrectForBuilder" classname="Generics.Robots.Architecture_Should" runstate="Runnable" seed="412883898" result="Passed" start-time="2023-12-04 11:21:00Z" end-time="2023-12-04 11:21:00Z" duration="0.043422" asserts="1" />
          <test-case id="1001" name="BeCorrectForShooterAiWithShooterMover" fullname="Generics.Robots.Architecture_Should.BeCorrectForShooterAiWithShooterMover" methodname="BeCorrectForShooterAiWithShooterMover" classname="Generics.Robots.Architecture_Should" runstate="Runnable" seed="1801913139" result="Passed" start-time="2023-12-04 11:21:00Z" end-time="2023-12-04 11:21:00Z" duration="0.004005" asserts="1" />
          <test-case id="1002" name="BeCorrectForShooterAiWithStandardMover" fullname="Generics.Robots.Architecture_Should.BeCorrectForShooterAiWithStandardMover" methodname="BeCorrectForShooterAiWithStandardMover" classname="Generics.Robots.Architecture_Should" runstate="Runnable" seed="173349031" result="Passed" start-time="2023-12-04 11:21:00Z" end-time="2023-12-04 11:21:00Z" duration="0.001030" asserts="1" />
        </test-suite>
      </test-suite>
    </test-suite>
  </test-suite>
</test-run>