<?xml version="1.0" encoding="utf-8"?>
<test-run id="2" name="Inheritance.DataStructure.exe" fullname="D:/Lessons/C#/2.1 Структура данных/bin/Debug/Inheritance.DataStructure.exe" testcasecount="6" result="Passed" start-time="2023-11-28 11:38:06Z" end-time="2023-11-28 11:38:06Z" duration="0.247888" total="6" passed="6" failed="0" inconclusive="0" skipped="0" asserts="145" random-seed="1284783531">
  <command-line><![CDATA["D:\Lessons\C#\2.1 Структура данных\bin\Debug\Inheritance.DataStructure.exe"   ]]></command-line>
  <filter />
  <test-suite type="Assembly" id="1007" name="Inheritance.DataStructure.exe" fullname="D:/Lessons/C#/2.1 Структура данных/bin/Debug/Inheritance.DataStructure.exe" runstate="Runnable" testcasecount="6" result="Passed" start-time="2023-11-28 11:38:06Z" end-time="2023-11-28 11:38:06Z" duration="0.247888" total="6" passed="6" failed="0" warnings="0" inconclusive="0" skipped="0" asserts="145">
    <environment framework-version="3.6.0.0" clr-version="4.0.30319.42000" os-version="Microsoft Windows NT 6.2.9200.0" platform="Win32NT" cwd="D:\Lessons\C#\2.1 Структура данных\bin\Debug" machine-name="HONOR" user="Босс" user-domain="HONOR" culture="ru-RU" uiculture="ru-RU" os-architecture="x86" />
    <settings>
      <setting name="WorkDirectory" value="D:\Lessons\C#\2.1 Структура данных\bin\Debug" />
      <setting name="NumberOfTestWorkers" value="8" />
    </settings>
    <properties>
      <property name="_PID" value="8040" />
      <property name="_APPDOMAIN" value="Inheritance.DataStructure.exe" />
    </properties>
    <test-suite type="TestSuite" id="1008" name="Inheritance" fullname="Inheritance" runstate="Runnable" testcasecount="6" result="Passed" start-time="2023-11-28 11:38:06Z" end-time="2023-11-28 11:38:06Z" duration="0.226276" total="6" passed="6" failed="0" warnings="0" inconclusive="0" skipped="0" asserts="145">
      <test-suite type="TestSuite" id="1009" name="DataStructure" fullname="Inheritance.DataStructure" runstate="Runnable" testcasecount="6" result="Passed" start-time="2023-11-28 11:38:06Z" end-time="2023-11-28 11:38:06Z" duration="0.196258" total="6" passed="6" failed="0" warnings="0" inconclusive="0" skipped="0" asserts="145">
        <test-suite type="TestFixture" id="1000" name="Category_should" fullname="Inheritance.DataStructure.Category_should" classname="Inheritance.DataStructure.Category_should" runstate="Runnable" testcasecount="6" result="Passed" start-time="2023-11-28 11:38:06Z" end-time="2023-11-28 11:38:06Z" duration="0.167345" total="6" passed="6" failed="0" warnings="0" inconclusive="0" skipped="0" asserts="145">
          <test-case id="1003" name="ImplementCompareToCorrectly" fullname="Inheritance.DataStructure.Category_should.ImplementCompareToCorrectly" methodname="ImplementCompareToCorrectly" classname="Inheritance.DataStructure.Category_should" runstate="Runnable" seed="1329976408" result="Passed" start-time="2023-11-28 11:38:06Z" end-time="2023-11-28 11:38:06Z" duration="0.018018" asserts="17" />
          <test-case id="1001" name="ImplementEqualsCorrectly" fullname="Inheritance.DataStructure.Category_should.ImplementEqualsCorrectly" methodname="ImplementEqualsCorrectly" classname="Inheritance.DataStructure.Category_should" runstate="Runnable" seed="1909891378" result="Passed" start-time="2023-11-28 11:38:06Z" end-time="2023-11-28 11:38:06Z" duration="0.004175" asserts="17" />
          <test-case id="1002" name="ImplementGetHashCodeCorrectly" fullname="Inheritance.DataStructure.Category_should.ImplementGetHashCodeCorrectly" methodname="ImplementGetHashCodeCorrectly" classname="Inheritance.DataStructure.Category_should" runstate="Runnable" seed="869127209" result="Passed" start-time="2023-11-28 11:38:06Z" end-time="2023-11-28 11:38:06Z" duration="0.006299" asserts="13" />
          <test-case id="1005" name="ImplementIComparableInterface" fullname="Inheritance.DataStructure.Category_should.ImplementIComparableInterface" methodname="ImplementIComparableInterface" classname="Inheritance.DataStructure.Category_should" runstate="Runnable" seed="1651015370" result="Passed" start-time="2023-11-28 11:38:06Z" end-time="2023-11-28 11:38:06Z" duration="0.000254" asserts="1" />
          <test-case id="1004" name="ImplementOperatorsCorrectly" fullname="Inheritance.DataStructure.Category_should.ImplementOperatorsCorrectly" methodname="ImplementOperatorsCorrectly" classname="Inheritance.DataStructure.Category_should" runstate="Runnable" seed="1519953683" result="Passed" start-time="2023-11-28 11:38:06Z" end-time="2023-11-28 11:38:06Z" duration="0.002260" asserts="96" />
          <test-case id="1006" name="ImplementToStringCorrectly" fullname="Inheritance.DataStructure.Category_should.ImplementToStringCorrectly" methodname="ImplementToStringCorrectly" classname="Inheritance.DataStructure.Category_should" runstate="Runnable" seed="1492559620" result="Passed" start-time="2023-11-28 11:38:06Z" end-time="2023-11-28 11:38:06Z" duration="0.001369" asserts="1" />
        </test-suite>
      </test-suite>
    </test-suite>
  </test-suite>
</test-run>