<?xml version="1.0" encoding="utf-8"?>
<test-run id="2" name="Generics.BinaryTree.exe" fullname="D:/Lessons/C#/3.1 Бинарное дерево/bin/Debug/Generics.BinaryTree.exe" testcasecount="8" result="Passed" start-time="2023-12-04 14:44:35Z" end-time="2023-12-04 14:44:35Z" duration="0.694796" total="8" passed="8" failed="0" inconclusive="0" skipped="0" asserts="10" random-seed="335361522">
  <command-line><![CDATA["D:\Lessons\C#\3.1 Бинарное дерево\bin\Debug\Generics.BinaryTree.exe"   ]]></command-line>
  <filter />
  <test-suite type="Assembly" id="1009" name="Generics.BinaryTree.exe" fullname="D:/Lessons/C#/3.1 Бинарное дерево/bin/Debug/Generics.BinaryTree.exe" runstate="Runnable" testcasecount="8" result="Passed" start-time="2023-12-04 14:44:35Z" end-time="2023-12-04 14:44:35Z" duration="0.694796" total="8" passed="8" failed="0" warnings="0" inconclusive="0" skipped="0" asserts="10">
    <environment framework-version="3.6.0.0" clr-version="4.0.30319.42000" os-version="Microsoft Windows NT 6.2.9200.0" platform="Win32NT" cwd="D:\Lessons\C#\3.1 Бинарное дерево\bin\Debug" machine-name="HONOR" user="Босс" user-domain="HONOR" culture="ru-RU" uiculture="ru-RU" os-architecture="x86" />
    <settings>
      <setting name="WorkDirectory" value="D:\Lessons\C#\3.1 Бинарное дерево\bin\Debug" />
      <setting name="NumberOfTestWorkers" value="8" />
    </settings>
    <properties>
      <property name="_PID" value="3916" />
      <property name="_APPDOMAIN" value="Generics.BinaryTree.exe" />
    </properties>
    <test-suite type="TestSuite" id="1010" name="Generics" fullname="Generics" runstate="Runnable" testcasecount="8" result="Passed" start-time="2023-12-04 14:44:35Z" end-time="2023-12-04 14:44:35Z" duration="0.664517" total="8" passed="8" failed="0" warnings="0" inconclusive="0" skipped="0" asserts="10">
      <test-suite type="TestSuite" id="1011" name="BinaryTrees" fullname="Generics.BinaryTrees" runstate="Runnable" testcasecount="8" result="Passed" start-time="2023-12-04 14:44:35Z" end-time="2023-12-04 14:44:35Z" duration="0.635229" total="8" passed="8" failed="0" warnings="0" inconclusive="0" skipped="0" asserts="10">
        <test-suite type="TestFixture" id="1000" name="BinaryTree_should" fullname="Generics.BinaryTrees.BinaryTree_should" classname="Generics.BinaryTrees.BinaryTree_should" runstate="Runnable" testcasecount="8" result="Passed" start-time="2023-12-04 14:44:35Z" end-time="2023-12-04 14:44:35Z" duration="0.604648" total="8" passed="8" failed="0" warnings="0" inconclusive="0" skipped="0" asserts="10">
          <test-case id="1001" name="BeEmptyWhenCreated" fullname="Generics.BinaryTrees.BinaryTree_should.BeEmptyWhenCreated" methodname="BeEmptyWhenCreated" classname="Generics.BinaryTrees.BinaryTree_should" runstate="Runnable" seed="2098833022" result="Passed" start-time="2023-12-04 14:44:35Z" end-time="2023-12-04 14:44:35Z" duration="0.029977" asserts="1" />
          <test-case id="1007" name="CanStoreDefaultValueOfT" fullname="Generics.BinaryTrees.BinaryTree_should.CanStoreDefaultValueOfT" methodname="CanStoreDefaultValueOfT" classname="Generics.BinaryTrees.BinaryTree_should" runstate="Runnable" seed="588299789" result="Passed" start-time="2023-12-04 14:44:35Z" end-time="2023-12-04 14:44:35Z" duration="0.003922" asserts="1" />
          <test-case id="1008" name="EnumerationIsLazy" fullname="Generics.BinaryTrees.BinaryTree_should.EnumerationIsLazy" methodname="EnumerationIsLazy" classname="Generics.BinaryTrees.BinaryTree_should" runstate="Runnable" seed="474092334" result="Passed" start-time="2023-12-04 14:44:35Z" end-time="2023-12-04 14:44:35Z" duration="0.326271" asserts="0" />
          <test-case id="1005" name="InitializeFromAnArrayAndSort1" fullname="Generics.BinaryTrees.BinaryTree_should.InitializeFromAnArrayAndSort1" methodname="InitializeFromAnArrayAndSort1" classname="Generics.BinaryTrees.BinaryTree_should" runstate="Runnable" seed="539706415" result="Passed" start-time="2023-12-04 14:44:35Z" end-time="2023-12-04 14:44:35Z" duration="0.001296" asserts="1" />
          <test-case id="1006" name="InitializeFromAnArrayAndSort2" fullname="Generics.BinaryTrees.BinaryTree_should.InitializeFromAnArrayAndSort2" methodname="InitializeFromAnArrayAndSort2" classname="Generics.BinaryTrees.BinaryTree_should" runstate="Runnable" seed="2101229009" result="Passed" start-time="2023-12-04 14:44:35Z" end-time="2023-12-04 14:44:35Z" duration="0.000534" asserts="1" />
          <test-case id="1003" name="PlaceEqualElementToLeft" fullname="Generics.BinaryTrees.BinaryTree_should.PlaceEqualElementToLeft" methodname="PlaceEqualElementToLeft" classname="Generics.BinaryTrees.BinaryTree_should" runstate="Runnable" seed="1490210901" result="Passed" start-time="2023-12-04 14:44:35Z" end-time="2023-12-04 14:44:35Z" duration="0.000901" asserts="2" />
          <test-case id="1004" name="PlaceGreaterElementToRight" fullname="Generics.BinaryTrees.BinaryTree_should.PlaceGreaterElementToRight" methodname="PlaceGreaterElementToRight" classname="Generics.BinaryTrees.BinaryTree_should" runstate="Runnable" seed="1096479240" result="Passed" start-time="2023-12-04 14:44:35Z" end-time="2023-12-04 14:44:35Z" duration="0.000596" asserts="2" />
          <test-case id="1002" name="PlaceLesserElementToLeft" fullname="Generics.BinaryTrees.BinaryTree_should.PlaceLesserElementToLeft" methodname="PlaceLesserElementToLeft" classname="Generics.BinaryTrees.BinaryTree_should" runstate="Runnable" seed="973809490" result="Passed" start-time="2023-12-04 14:44:35Z" end-time="2023-12-04 14:44:35Z" duration="0.000604" asserts="2" />
        </test-suite>
      </test-suite>
    </test-suite>
  </test-suite>
</test-run>