<?xml version="1.0" encoding="utf-8"?>
<test-run id="2" name="Delegates.TreeTraversal.exe" fullname="D:/Lessons/C#/4.3 Обходы деревьев +/bin/Debug/Delegates.TreeTraversal.exe" testcasecount="3" result="Passed" start-time="2024-01-12 07:17:56Z" end-time="2024-01-12 07:17:56Z" duration="0.219477" total="3" passed="3" failed="0" inconclusive="0" skipped="0" asserts="3" random-seed="1893820382">
  <command-line><![CDATA["D:\Lessons\C#\4.3 Обходы деревьев +\bin\Debug\Delegates.TreeTraversal.exe"   ]]></command-line>
  <filter />
  <test-suite type="Assembly" id="1004" name="Delegates.TreeTraversal.exe" fullname="D:/Lessons/C#/4.3 Обходы деревьев +/bin/Debug/Delegates.TreeTraversal.exe" runstate="Runnable" testcasecount="3" result="Passed" start-time="2024-01-12 07:17:56Z" end-time="2024-01-12 07:17:56Z" duration="0.219477" total="3" passed="3" failed="0" warnings="0" inconclusive="0" skipped="0" asserts="3">
    <environment framework-version="3.6.0.0" clr-version="4.0.30319.42000" os-version="Microsoft Windows NT 6.2.9200.0" platform="Win32NT" cwd="D:\Lessons\C#\4.3 Обходы деревьев +\bin\Debug" machine-name="HONOR" user="Босс" user-domain="HONOR" culture="ru-RU" uiculture="ru-RU" os-architecture="x86" />
    <settings>
      <setting name="WorkDirectory" value="D:\Lessons\C#\4.3 Обходы деревьев +\bin\Debug" />
      <setting name="NumberOfTestWorkers" value="8" />
    </settings>
    <properties>
      <property name="_PID" value="1244" />
      <property name="_APPDOMAIN" value="Delegates.TreeTraversal.exe" />
    </properties>
    <test-suite type="TestSuite" id="1005" name="Delegates" fullname="Delegates" runstate="Runnable" testcasecount="3" result="Passed" start-time="2024-01-12 07:17:56Z" end-time="2024-01-12 07:17:56Z" duration="0.188522" total="3" passed="3" failed="0" warnings="0" inconclusive="0" skipped="0" asserts="3">
      <test-suite type="TestSuite" id="1006" name="TreeTraversal" fullname="Delegates.TreeTraversal" runstate="Runnable" testcasecount="3" result="Passed" start-time="2024-01-12 07:17:56Z" end-time="2024-01-12 07:17:56Z" duration="0.157855" total="3" passed="3" failed="0" warnings="0" inconclusive="0" skipped="0" asserts="3">
        <test-suite type="TestFixture" id="1000" name="Traversal_should" fullname="Delegates.TreeTraversal.Traversal_should" classname="Delegates.TreeTraversal.Traversal_should" runstate="Runnable" testcasecount="3" result="Passed" start-time="2024-01-12 07:17:56Z" end-time="2024-01-12 07:17:56Z" duration="0.127177" total="3" passed="3" failed="0" warnings="0" inconclusive="0" skipped="0" asserts="3">
          <test-case id="1001" name="GetBinaryTreeValues" fullname="Delegates.TreeTraversal.Traversal_should.GetBinaryTreeValues" methodname="GetBinaryTreeValues" classname="Delegates.TreeTraversal.Traversal_should" runstate="Runnable" seed="1648442205" result="Passed" start-time="2024-01-12 07:17:56Z" end-time="2024-01-12 07:17:56Z" duration="0.031897" asserts="1" />
          <test-case id="1002" name="GetEndJobs" fullname="Delegates.TreeTraversal.Traversal_should.GetEndJobs" methodname="GetEndJobs" classname="Delegates.TreeTraversal.Traversal_should" runstate="Runnable" seed="1192130110" result="Passed" start-time="2024-01-12 07:17:56Z" end-time="2024-01-12 07:17:56Z" duration="0.005512" asserts="1" />
          <test-case id="1003" name="GetProducts" fullname="Delegates.TreeTraversal.Traversal_should.GetProducts" methodname="GetProducts" classname="Delegates.TreeTraversal.Traversal_should" runstate="Runnable" seed="782149400" result="Passed" start-time="2024-01-12 07:17:56Z" end-time="2024-01-12 07:17:56Z" duration="0.002496" asserts="1" />
        </test-suite>
      </test-suite>
    </test-suite>
  </test-suite>
</test-run>